<?xml version="1.0" encoding="UTF-8"?>
<testng-results skipped="0" failed="1" total="6" passed="5">
  <reporter-output>
  </reporter-output>
  <suite name="Suite" duration-ms="105925" started-at="2022-07-25T00:21:22Z" finished-at="2022-07-25T00:23:08Z">
    <groups>
    </groups>
    <test name="Test" duration-ms="105925" started-at="2022-07-25T00:21:22Z" finished-at="2022-07-25T00:23:08Z">
      <class name="testCases.TC_001_AcoountRegistration">
        <test-method status="PASS" signature="setup(java.lang.String)[pri:0, instance:testCases.TC_001_AcoountRegistration@6df97b55]" name="setup" is-config="true" duration-ms="13765" started-at="2022-07-24T17:21:24Z" finished-at="2022-07-24T17:21:38Z">
          <params>
            <param index="0">
              <value>
                <![CDATA[chrome]]>
              </value>
            </param>
          </params>
          <reporter-output>
          </reporter-output>
        </test-method> <!-- setup -->
        <test-method status="PASS" signature="test_account_registration()[pri:0, instance:testCases.TC_001_AcoountRegistration@6df97b55]" name="test_account_registration" duration-ms="19464" started-at="2022-07-24T17:21:38Z" finished-at="2022-07-24T17:21:57Z">
          <reporter-output>
          </reporter-output>
        </test-method> <!-- test_account_registration -->
        <test-method status="PASS" signature="teardown()[pri:0, instance:testCases.TC_001_AcoountRegistration@6df97b55]" name="teardown" is-config="true" duration-ms="1360" started-at="2022-07-24T17:21:57Z" finished-at="2022-07-24T17:21:59Z">
          <reporter-output>
          </reporter-output>
        </test-method> <!-- teardown -->
      </class> <!-- testCases.TC_001_AcoountRegistration -->
      <class name="testCases.TC_002_LogIn">
        <test-method status="PASS" signature="setup(java.lang.String)[pri:0, instance:testCases.TC_002_LogIn@3cbbc1e0]" name="setup" is-config="true" duration-ms="4226" started-at="2022-07-24T17:21:59Z" finished-at="2022-07-24T17:22:03Z">
          <params>
            <param index="0">
              <value>
                <![CDATA[chrome]]>
              </value>
            </param>
          </params>
          <reporter-output>
          </reporter-output>
        </test-method> <!-- setup -->
        <test-method status="PASS" signature="testLogin()[pri:0, instance:testCases.TC_002_LogIn@3cbbc1e0]" name="testLogin" duration-ms="6635" started-at="2022-07-24T17:22:03Z" finished-at="2022-07-24T17:22:10Z">
          <reporter-output>
          </reporter-output>
        </test-method> <!-- testLogin -->
        <test-method status="PASS" signature="teardown()[pri:0, instance:testCases.TC_002_LogIn@3cbbc1e0]" name="teardown" is-config="true" duration-ms="977" started-at="2022-07-24T17:22:10Z" finished-at="2022-07-24T17:22:11Z">
          <reporter-output>
          </reporter-output>
        </test-method> <!-- teardown -->
      </class> <!-- testCases.TC_002_LogIn -->
      <class name="testCases.TC_003_LogInDDT">
        <test-method status="PASS" signature="setup(java.lang.String)[pri:0, instance:testCases.TC_003_LogInDDT@35fb3008]" name="setup" is-config="true" duration-ms="2819" started-at="2022-07-24T17:22:11Z" finished-at="2022-07-24T17:22:13Z">
          <params>
            <param index="0">
              <value>
                <![CDATA[chrome]]>
              </value>
            </param>
          </params>
          <reporter-output>
          </reporter-output>
        </test-method> <!-- setup -->
        <test-method status="PASS" signature="test_LogInDDT(java.lang.String, java.lang.String, java.lang.String)[pri:0, instance:testCases.TC_003_LogInDDT@35fb3008]" name="test_LogInDDT" duration-ms="8535" started-at="2022-07-24T17:22:17Z" data-provider="LoginData" finished-at="2022-07-24T17:22:25Z">
          <params>
            <param index="0">
              <value>
                <![CDATA[abc@gmail.com]]>
              </value>
            </param>
            <param index="1">
              <value>
                <![CDATA[abc123]]>
              </value>
            </param>
            <param index="2">
              <value>
                <![CDATA[Valid]]>
              </value>
            </param>
          </params>
          <reporter-output>
          </reporter-output>
        </test-method> <!-- test_LogInDDT -->
        <test-method status="PASS" signature="test_LogInDDT(java.lang.String, java.lang.String, java.lang.String)[pri:0, instance:testCases.TC_003_LogInDDT@35fb3008]" name="test_LogInDDT" duration-ms="14115" started-at="2022-07-24T17:22:25Z" data-provider="LoginData" finished-at="2022-07-24T17:22:39Z">
          <params>
            <param index="0">
              <value>
                <![CDATA[abc12344@gmail.com]]>
              </value>
            </param>
            <param index="1">
              <value>
                <![CDATA[test]]>
              </value>
            </param>
            <param index="2">
              <value>
                <![CDATA[Invalid]]>
              </value>
            </param>
          </params>
          <reporter-output>
          </reporter-output>
        </test-method> <!-- test_LogInDDT -->
        <test-method status="PASS" signature="test_LogInDDT(java.lang.String, java.lang.String, java.lang.String)[pri:0, instance:testCases.TC_003_LogInDDT@35fb3008]" name="test_LogInDDT" duration-ms="16120" started-at="2022-07-24T17:22:39Z" data-provider="LoginData" finished-at="2022-07-24T17:22:55Z">
          <params>
            <param index="0">
              <value>
                <![CDATA[bgd@gmail]]>
              </value>
            </param>
            <param index="1">
              <value>
                <![CDATA[abc123]]>
              </value>
            </param>
            <param index="2">
              <value>
                <![CDATA[Invalid]]>
              </value>
            </param>
          </params>
          <reporter-output>
          </reporter-output>
        </test-method> <!-- test_LogInDDT -->
        <test-method status="FAIL" signature="test_LogInDDT(java.lang.String, java.lang.String, java.lang.String)[pri:0, instance:testCases.TC_003_LogInDDT@35fb3008]" name="test_LogInDDT" duration-ms="12200" started-at="2022-07-24T17:22:55Z" data-provider="LoginData" finished-at="2022-07-24T17:23:08Z">
          <params>
            <param index="0">
              <value>
                <![CDATA[abcgmail.com]]>
              </value>
            </param>
            <param index="1">
              <value>
                <![CDATA[test]]>
              </value>
            </param>
            <param index="2">
              <value>
                <![CDATA[Invalid]]>
              </value>
            </param>
          </params>
          <exception class="java.lang.AssertionError">
            <message>
              <![CDATA[null]]>
            </message>
            <full-stacktrace>
              <![CDATA[java.lang.AssertionError: null
	at org.testng.Assert.fail(Assert.java:94)
	at org.testng.Assert.fail(Assert.java:101)
	at testCases.TC_003_LogInDDT.test_LogInDDT(TC_003_LogInDDT.java:85)
	at sun.reflect.NativeMethodAccessorImpl.invoke0(Native Method)
	at sun.reflect.NativeMethodAccessorImpl.invoke(Unknown Source)
	at sun.reflect.DelegatingMethodAccessorImpl.invoke(Unknown Source)
	at java.lang.reflect.Method.invoke(Unknown Source)
	at org.testng.internal.MethodInvocationHelper.invokeMethod(MethodInvocationHelper.java:86)
	at org.testng.internal.Invoker.invokeMethod(Invoker.java:645)
	at org.testng.internal.Invoker.invokeTestMethod(Invoker.java:822)
	at org.testng.internal.Invoker.invokeTestMethods(Invoker.java:1130)
	at org.testng.internal.TestMethodWorker.invokeTestMethods(TestMethodWorker.java:129)
	at org.testng.internal.TestMethodWorker.run(TestMethodWorker.java:112)
	at org.testng.TestRunner.privateRun(TestRunner.java:782)
	at org.testng.TestRunner.run(TestRunner.java:632)
	at org.testng.SuiteRunner.runTest(SuiteRunner.java:366)
	at org.testng.SuiteRunner.runSequentially(SuiteRunner.java:361)
	at org.testng.SuiteRunner.privateRun(SuiteRunner.java:319)
	at org.testng.SuiteRunner.run(SuiteRunner.java:268)
	at org.testng.SuiteRunnerWorker.runSuite(SuiteRunnerWorker.java:52)
	at org.testng.SuiteRunnerWorker.run(SuiteRunnerWorker.java:86)
	at org.testng.TestNG.runSuitesSequentially(TestNG.java:1244)
	at org.testng.TestNG.runSuitesLocally(TestNG.java:1169)
	at org.testng.TestNG.run(TestNG.java:1064)
	at org.testng.remote.RemoteTestNG.run(RemoteTestNG.java:113)
	at org.testng.remote.RemoteTestNG.initAndRun(RemoteTestNG.java:206)
	at org.testng.remote.RemoteTestNG.main(RemoteTestNG.java:177)
]]>
            </full-stacktrace>
          </exception> <!-- java.lang.AssertionError -->
          <reporter-output>
          </reporter-output>
        </test-method> <!-- test_LogInDDT -->
        <test-method status="PASS" signature="teardown()[pri:0, instance:testCases.TC_003_LogInDDT@35fb3008]" name="teardown" is-config="true" duration-ms="675" started-at="2022-07-24T17:23:08Z" finished-at="2022-07-24T17:23:08Z">
          <reporter-output>
          </reporter-output>
        </test-method> <!-- teardown -->
      </class> <!-- testCases.TC_003_LogInDDT -->
    </test> <!-- Test -->
  </suite> <!-- Suite -->
</testng-results>
